<?xml version="1.0" encoding="UTF-8"?>
<testsuite xmlns:xsi="http://www.w3.org/2001/XMLSchema-instance" xsi:noNamespaceSchemaLocation="https://maven.apache.org/surefire/maven-surefire-plugin/xsd/surefire-test-report.xsd" name="AITest.DemoAI.MyMojoTest" time="11.381" tests="1" errors="0" skipped="0" failures="0">
  <properties>
    <property name="java.specification.version" value="14"/>
    <property name="sun.jnu.encoding" value="UTF-8"/>
    <property name="java.class.path" value="/Users/mbp069/eclipse-workspace/DemoAI/target/test-classes:/Users/mbp069/eclipse-workspace/DemoAI/target/classes:/Users/mbp069/.m2/repository/org/hamcrest/hamcrest-core/1.3/hamcrest-core-1.3.jar:/Users/mbp069/.m2/repository/javax/servlet/javax.servlet-api/3.0.1/javax.servlet-api-3.0.1.jar:/Users/mbp069/.m2/repository/com/google/guava/guava/30.1-jre/guava-30.1-jre.jar:/Users/mbp069/.m2/repository/com/google/guava/failureaccess/1.0.1/failureaccess-1.0.1.jar:/Users/mbp069/.m2/repository/com/google/guava/listenablefuture/9999.0-empty-to-avoid-conflict-with-guava/listenablefuture-9999.0-empty-to-avoid-conflict-with-guava.jar:/Users/mbp069/.m2/repository/com/google/code/findbugs/jsr305/3.0.2/jsr305-3.0.2.jar:/Users/mbp069/.m2/repository/org/checkerframework/checker-qual/3.5.0/checker-qual-3.5.0.jar:/Users/mbp069/.m2/repository/com/google/errorprone/error_prone_annotations/2.3.4/error_prone_annotations-2.3.4.jar:/Users/mbp069/.m2/repository/com/google/j2objc/j2objc-annotations/1.3/j2objc-annotations-1.3.jar:/Users/mbp069/.m2/repository/io/appium/java-client/7.3.0/java-client-7.3.0.jar:/Users/mbp069/.m2/repository/org/seleniumhq/selenium/selenium-java/3.141.59/selenium-java-3.141.59.jar:/Users/mbp069/.m2/repository/org/seleniumhq/selenium/selenium-chrome-driver/3.141.59/selenium-chrome-driver-3.141.59.jar:/Users/mbp069/.m2/repository/org/seleniumhq/selenium/selenium-edge-driver/3.141.59/selenium-edge-driver-3.141.59.jar:/Users/mbp069/.m2/repository/org/seleniumhq/selenium/selenium-firefox-driver/3.141.59/selenium-firefox-driver-3.141.59.jar:/Users/mbp069/.m2/repository/org/seleniumhq/selenium/selenium-ie-driver/3.141.59/selenium-ie-driver-3.141.59.jar:/Users/mbp069/.m2/repository/org/seleniumhq/selenium/selenium-opera-driver/3.141.59/selenium-opera-driver-3.141.59.jar:/Users/mbp069/.m2/repository/org/seleniumhq/selenium/selenium-remote-driver/3.141.59/selenium-remote-driver-3.141.59.jar:/Users/mbp069/.m2/repository/org/seleniumhq/selenium/selenium-safari-driver/3.141.59/selenium-safari-driver-3.141.59.jar:/Users/mbp069/.m2/repository/org/apache/commons/commons-exec/1.3/commons-exec-1.3.jar:/Users/mbp069/.m2/repository/com/squareup/okhttp3/okhttp/3.11.0/okhttp-3.11.0.jar:/Users/mbp069/.m2/repository/com/squareup/okio/okio/1.14.0/okio-1.14.0.jar:/Users/mbp069/.m2/repository/org/seleniumhq/selenium/selenium-support/3.141.59/selenium-support-3.141.59.jar:/Users/mbp069/.m2/repository/org/seleniumhq/selenium/selenium-api/3.141.59/selenium-api-3.141.59.jar:/Users/mbp069/.m2/repository/cglib/cglib/3.2.12/cglib-3.2.12.jar:/Users/mbp069/.m2/repository/org/ow2/asm/asm/7.1/asm-7.1.jar:/Users/mbp069/.m2/repository/commons-validator/commons-validator/1.6/commons-validator-1.6.jar:/Users/mbp069/.m2/repository/commons-beanutils/commons-beanutils/1.9.2/commons-beanutils-1.9.2.jar:/Users/mbp069/.m2/repository/commons-digester/commons-digester/1.8.1/commons-digester-1.8.1.jar:/Users/mbp069/.m2/repository/commons-collections/commons-collections/3.2.2/commons-collections-3.2.2.jar:/Users/mbp069/.m2/repository/org/apache/commons/commons-lang3/3.9/commons-lang3-3.9.jar:/Users/mbp069/.m2/repository/org/springframework/spring-context/5.1.8.RELEASE/spring-context-5.1.8.RELEASE.jar:/Users/mbp069/.m2/repository/org/springframework/spring-aop/5.1.8.RELEASE/spring-aop-5.1.8.RELEASE.jar:/Users/mbp069/.m2/repository/org/springframework/spring-beans/5.1.8.RELEASE/spring-beans-5.1.8.RELEASE.jar:/Users/mbp069/.m2/repository/org/springframework/spring-core/5.1.8.RELEASE/spring-core-5.1.8.RELEASE.jar:/Users/mbp069/.m2/repository/org/springframework/spring-jcl/5.1.8.RELEASE/spring-jcl-5.1.8.RELEASE.jar:/Users/mbp069/.m2/repository/org/springframework/spring-expression/5.1.8.RELEASE/spring-expression-5.1.8.RELEASE.jar:/Users/mbp069/.m2/repository/org/aspectj/aspectjweaver/1.9.4/aspectjweaver-1.9.4.jar:/Users/mbp069/.m2/repository/org/slf4j/slf4j-api/1.7.26/slf4j-api-1.7.26.jar:/Users/mbp069/.m2/repository/com/google/code/gson/gson/2.8.6/gson-2.8.6.jar:/Users/mbp069/.m2/repository/org/testng/testng/7.0.0/testng-7.0.0.jar:/Users/mbp069/.m2/repository/com/beust/jcommander/1.72/jcommander-1.72.jar:/Users/mbp069/.m2/repository/mysql/mysql-connector-java/8.0.22/mysql-connector-java-8.0.22.jar:/Users/mbp069/.m2/repository/com/google/protobuf/protobuf-java/3.11.4/protobuf-java-3.11.4.jar:/Users/mbp069/.m2/repository/org/testng/reportng/1.2.2/reportng-1.2.2.jar:/Users/mbp069/.m2/repository/org/freemarker/freemarker/2.3.28/freemarker-2.3.28.jar:/Users/mbp069/.m2/repository/com/google/inject/guice/4.2.0/guice-4.2.0.jar:/Users/mbp069/.m2/repository/javax/inject/javax.inject/1/javax.inject-1.jar:/Users/mbp069/.m2/repository/aopalliance/aopalliance/1.0/aopalliance-1.0.jar:/Users/mbp069/.m2/repository/com/github/seratch/jslack/3.4.2/jslack-3.4.2.jar:/Users/mbp069/.m2/repository/com/github/seratch/jslack-api-model/3.4.2/jslack-api-model-3.4.2.jar:/Users/mbp069/.m2/repository/com/github/seratch/jslack-api-client/3.4.2/jslack-api-client-3.4.2.jar:/Users/mbp069/.m2/repository/com/github/seratch/jslack-app-backend/3.4.2/jslack-app-backend-3.4.2.jar:/Users/mbp069/.m2/repository/org/apache/httpcomponents/httpclient/4.5.13/httpclient-4.5.13.jar:/Users/mbp069/.m2/repository/org/apache/httpcomponents/httpcore/4.4.13/httpcore-4.4.13.jar:/Users/mbp069/.m2/repository/commons-logging/commons-logging/1.2/commons-logging-1.2.jar:/Users/mbp069/.m2/repository/commons-codec/commons-codec/1.11/commons-codec-1.11.jar:/Users/mbp069/.m2/repository/org/apache/httpcomponents/httpmime/4.5.13/httpmime-4.5.13.jar:/Users/mbp069/.m2/repository/com/aventstack/extentreports/5.0.6/extentreports-5.0.6.jar:/Users/mbp069/.m2/repository/io/reactivex/rxjava3/rxjava/3.0.4/rxjava-3.0.4.jar:/Users/mbp069/.m2/repository/org/reactivestreams/reactive-streams/1.0.3/reactive-streams-1.0.3.jar:/Users/mbp069/.m2/repository/org/projectlombok/lombok/1.18.12/lombok-1.18.12.jar:/Users/mbp069/.m2/repository/javax/servlet/servlet-api/2.3/servlet-api-2.3.jar:/Users/mbp069/.m2/repository/commons-io/commons-io/2.6/commons-io-2.6.jar:/Users/mbp069/.m2/repository/de/retest/recheck-web/1.3.0/recheck-web-1.3.0.jar:/Users/mbp069/.m2/repository/de/retest/recheck/1.3.0/recheck-1.3.0.jar:/Users/mbp069/.m2/repository/ch/qos/logback/logback-core/1.2.3/logback-core-1.2.3.jar:/Users/mbp069/.m2/repository/ch/qos/logback/logback-classic/1.2.3/logback-classic-1.2.3.jar:/Users/mbp069/.m2/repository/com/esotericsoftware/kryo/4.0.2/kryo-4.0.2.jar:/Users/mbp069/.m2/repository/com/esotericsoftware/reflectasm/1.11.3/reflectasm-1.11.3.jar:/Users/mbp069/.m2/repository/com/esotericsoftware/minlog/1.3.0/minlog-1.3.0.jar:/Users/mbp069/.m2/repository/org/objenesis/objenesis/2.5.1/objenesis-2.5.1.jar:/Users/mbp069/.m2/repository/de/javakaffee/kryo-serializers/0.43/kryo-serializers-0.43.jar:/Users/mbp069/.m2/repository/net/jpountz/lz4/lz4/1.3.0/lz4-1.3.0.jar:/Users/mbp069/.m2/repository/javax/xml/bind/jaxb-api/2.3.1/jaxb-api-2.3.1.jar:/Users/mbp069/.m2/repository/javax/activation/javax.activation-api/1.2.0/javax.activation-api-1.2.0.jar:/Users/mbp069/.m2/repository/org/keycloak/keycloak-installed-adapter/6.0.1/keycloak-installed-adapter-6.0.1.jar:/Users/mbp069/.m2/repository/org/keycloak/keycloak-core/6.0.1/keycloak-core-6.0.1.jar:/Users/mbp069/.m2/repository/org/keycloak/keycloak-common/6.0.1/keycloak-common-6.0.1.jar:/Users/mbp069/.m2/repository/org/bouncycastle/bcpkix-jdk15on/1.60/bcpkix-jdk15on-1.60.jar:/Users/mbp069/.m2/repository/org/keycloak/keycloak-adapter-spi/6.0.1/keycloak-adapter-spi-6.0.1.jar:/Users/mbp069/.m2/repository/org/keycloak/keycloak-adapter-core/6.0.1/keycloak-adapter-core-6.0.1.jar:/Users/mbp069/.m2/repository/org/bouncycastle/bcprov-jdk15on/1.60/bcprov-jdk15on-1.60.jar:/Users/mbp069/.m2/repository/org/jboss/logging/jboss-logging/3.3.2.Final/jboss-logging-3.3.2.Final.jar:/Users/mbp069/.m2/repository/org/jboss/resteasy/resteasy-client/3.6.3.Final/resteasy-client-3.6.3.Final.jar:/Users/mbp069/.m2/repository/org/jboss/resteasy/resteasy-jaxrs/3.6.3.Final/resteasy-jaxrs-3.6.3.Final.jar:/Users/mbp069/.m2/repository/org/jboss/spec/javax/xml/bind/jboss-jaxb-api_2.3_spec/1.0.1.Final/jboss-jaxb-api_2.3_spec-1.0.1.Final.jar:/Users/mbp069/.m2/repository/javax/validation/validation-api/2.0.1.Final/validation-api-2.0.1.Final.jar:/Users/mbp069/.m2/repository/org/jboss/spec/javax/annotation/jboss-annotations-api_1.3_spec/1.0.1.Final/jboss-annotations-api_1.3_spec-1.0.1.Final.jar:/Users/mbp069/.m2/repository/javax/activation/activation/1.1.1/activation-1.1.1.jar:/Users/mbp069/.m2/repository/net/jcip/jcip-annotations/1.0/jcip-annotations-1.0.jar:/Users/mbp069/.m2/repository/org/jboss/spec/javax/ws/rs/jboss-jaxrs-api_2.1_spec/1.0.2.Final/jboss-jaxrs-api_2.1_spec-1.0.2.Final.jar:/Users/mbp069/.m2/repository/org/eclipse/persistence/org.eclipse.persistence.moxy/2.5.2/org.eclipse.persistence.moxy-2.5.2.jar:/Users/mbp069/.m2/repository/org/eclipse/persistence/org.eclipse.persistence.core/2.5.2/org.eclipse.persistence.core-2.5.2.jar:/Users/mbp069/.m2/repository/org/eclipse/persistence/org.eclipse.persistence.asm/2.5.2/org.eclipse.persistence.asm-2.5.2.jar:/Users/mbp069/.m2/repository/org/eclipse/persistence/org.eclipse.persistence.antlr/2.5.2/org.eclipse.persistence.antlr-2.5.2.jar:/Users/mbp069/.m2/repository/org/apache/commons/commons-text/1.7/commons-text-1.7.jar:/Users/mbp069/.m2/repository/net/bytebuddy/byte-buddy/1.9.15/byte-buddy-1.9.15.jar:/Users/mbp069/.m2/repository/com/assertthat/selenium-shutterbug/0.9.2/selenium-shutterbug-0.9.2.jar:/Users/mbp069/.m2/repository/com/fasterxml/jackson/dataformat/jackson-dataformat-yaml/2.9.9/jackson-dataformat-yaml-2.9.9.jar:/Users/mbp069/.m2/repository/org/yaml/snakeyaml/1.23/snakeyaml-1.23.jar:/Users/mbp069/.m2/repository/com/fasterxml/jackson/core/jackson-core/2.9.9/jackson-core-2.9.9.jar:/Users/mbp069/.m2/repository/com/fasterxml/jackson/core/jackson-databind/2.9.9/jackson-databind-2.9.9.jar:/Users/mbp069/.m2/repository/com/fasterxml/jackson/core/jackson-annotations/2.9.0/jackson-annotations-2.9.0.jar:/Users/mbp069/.m2/repository/log4j/log4j/1.2.17/log4j-1.2.17.jar:/Users/mbp069/.m2/repository/org/apache/logging/log4j/log4j-api/2.14.1/log4j-api-2.14.1.jar:/Users/mbp069/.m2/repository/org/apache/logging/log4j/log4j-core/2.14.1/log4j-core-2.14.1.jar:/Users/mbp069/.m2/repository/com/epam/healenium/healenium-web/3.1.7/healenium-web-3.1.7.jar:/Users/mbp069/.m2/repository/org/apache/maven/plugins/maven-surefire-plugin/3.0.0-M5/maven-surefire-plugin-3.0.0-M5.jar:/Users/mbp069/.m2/repository/org/apache/maven/surefire/maven-surefire-common/3.0.0-M5/maven-surefire-common-3.0.0-M5.jar:/Users/mbp069/.m2/repository/org/apache/maven/surefire/surefire-api/3.0.0-M5/surefire-api-3.0.0-M5.jar:/Users/mbp069/.m2/repository/org/apache/maven/surefire/surefire-logger-api/3.0.0-M5/surefire-logger-api-3.0.0-M5.jar:/Users/mbp069/.m2/repository/org/apache/maven/surefire/surefire-extensions-api/3.0.0-M5/surefire-extensions-api-3.0.0-M5.jar:/Users/mbp069/.m2/repository/org/apache/maven/surefire/surefire-booter/3.0.0-M5/surefire-booter-3.0.0-M5.jar:/Users/mbp069/.m2/repository/org/apache/maven/surefire/surefire-extensions-spi/3.0.0-M5/surefire-extensions-spi-3.0.0-M5.jar:/Users/mbp069/.m2/repository/org/apache/maven/maven-toolchain/3.0-alpha-2/maven-toolchain-3.0-alpha-2.jar:/Users/mbp069/.m2/repository/org/apache/maven/shared/maven-artifact-transfer/0.11.0/maven-artifact-transfer-0.11.0.jar:/Users/mbp069/.m2/repository/org/apache/maven/shared/maven-common-artifact-filters/3.0.1/maven-common-artifact-filters-3.0.1.jar:/Users/mbp069/.m2/repository/org/sonatype/sisu/sisu-inject-plexus/1.4.2/sisu-inject-plexus-1.4.2.jar:/Users/mbp069/.m2/repository/org/sonatype/sisu/sisu-inject-bean/1.4.2/sisu-inject-bean-1.4.2.jar:/Users/mbp069/.m2/repository/org/sonatype/sisu/sisu-guice/2.1.7/sisu-guice-2.1.7-noaop.jar:/Users/mbp069/.m2/repository/org/codehaus/plexus/plexus-java/1.0.5/plexus-java-1.0.5.jar:/Users/mbp069/.m2/repository/com/thoughtworks/qdox/qdox/2.0-M9/qdox-2.0-M9.jar:/Users/mbp069/.m2/repository/org/apache/maven/surefire/surefire-shared-utils/3.0.0-M4/surefire-shared-utils-3.0.0-M4.jar:/Users/mbp069/.m2/repository/org/apache/maven/maven-artifact/2.0.11/maven-artifact-2.0.11.jar:/Users/mbp069/.m2/repository/org/codehaus/plexus/plexus-utils/1.5.6/plexus-utils-1.5.6.jar:/Users/mbp069/.m2/repository/org/apache/maven/maven-compat/3.8.1/maven-compat-3.8.1.jar:/Users/mbp069/.m2/repository/org/apache/maven/maven-model/3.8.1/maven-model-3.8.1.jar:/Users/mbp069/.m2/repository/org/apache/maven/maven-model-builder/3.8.1/maven-model-builder-3.8.1.jar:/Users/mbp069/.m2/repository/org/apache/maven/maven-builder-support/3.8.1/maven-builder-support-3.8.1.jar:/Users/mbp069/.m2/repository/org/eclipse/sisu/org.eclipse.sisu.inject/0.3.4/org.eclipse.sisu.inject-0.3.4.jar:/Users/mbp069/.m2/repository/org/apache/maven/maven-settings/3.8.1/maven-settings-3.8.1.jar:/Users/mbp069/.m2/repository/org/apache/maven/maven-settings-builder/3.8.1/maven-settings-builder-3.8.1.jar:/Users/mbp069/.m2/repository/org/sonatype/plexus/plexus-sec-dispatcher/1.4/plexus-sec-dispatcher-1.4.jar:/Users/mbp069/.m2/repository/org/sonatype/plexus/plexus-cipher/1.4/plexus-cipher-1.4.jar:/Users/mbp069/.m2/repository/org/apache/maven/maven-core/3.8.1/maven-core-3.8.1.jar:/Users/mbp069/.m2/repository/org/apache/maven/resolver/maven-resolver-spi/1.6.2/maven-resolver-spi-1.6.2.jar:/Users/mbp069/.m2/repository/org/apache/maven/shared/maven-shared-utils/3.2.1/maven-shared-utils-3.2.1.jar:/Users/mbp069/.m2/repository/com/google/inject/guice/4.2.1/guice-4.2.1-no_aop.jar:/Users/mbp069/.m2/repository/org/apache/maven/maven-resolver-provider/3.8.1/maven-resolver-provider-3.8.1.jar:/Users/mbp069/.m2/repository/org/apache/maven/maven-repository-metadata/3.8.1/maven-repository-metadata-3.8.1.jar:/Users/mbp069/.m2/repository/org/apache/maven/resolver/maven-resolver-api/1.6.2/maven-resolver-api-1.6.2.jar:/Users/mbp069/.m2/repository/org/apache/maven/resolver/maven-resolver-util/1.6.2/maven-resolver-util-1.6.2.jar:/Users/mbp069/.m2/repository/org/apache/maven/resolver/maven-resolver-impl/1.6.2/maven-resolver-impl-1.6.2.jar:/Users/mbp069/.m2/repository/org/codehaus/plexus/plexus-interpolation/1.25/plexus-interpolation-1.25.jar:/Users/mbp069/.m2/repository/org/eclipse/sisu/org.eclipse.sisu.plexus/0.3.4/org.eclipse.sisu.plexus-0.3.4.jar:/Users/mbp069/.m2/repository/javax/enterprise/cdi-api/1.0/cdi-api-1.0.jar:/Users/mbp069/.m2/repository/javax/annotation/jsr250-api/1.0/jsr250-api-1.0.jar:/Users/mbp069/.m2/repository/org/codehaus/plexus/plexus-component-annotations/2.1.0/plexus-component-annotations-2.1.0.jar:/Users/mbp069/.m2/repository/org/apache/maven/wagon/wagon-provider-api/3.4.3/wagon-provider-api-3.4.3.jar:/Users/mbp069/.m2/repository/org/apache/maven/maven-plugin-api/3.8.1/maven-plugin-api-3.8.1.jar:/Users/mbp069/.m2/repository/org/codehaus/plexus/plexus-classworlds/2.6.0/plexus-classworlds-2.6.0.jar:/Users/mbp069/.m2/repository/com/typesafe/config/1.3.4/config-1.3.4.jar:/Users/mbp069/.m2/repository/com/epam/healenium/tree-comparing/0.4.10/tree-comparing-0.4.10.jar:/Users/mbp069/.m2/repository/org/jsoup/jsoup/1.11.3/jsoup-1.11.3.jar:/Users/mbp069/.m2/repository/org/slf4j/slf4j-simple/1.7.30/slf4j-simple-1.7.30.jar:/Users/mbp069/.m2/repository/org/jetbrains/annotations/18.0.0/annotations-18.0.0.jar:/Users/mbp069/.m2/repository/org/mapstruct/mapstruct/1.4.2.Final/mapstruct-1.4.2.Final.jar:/Users/mbp069/.m2/repository/one/util/streamex/0.7.2/streamex-0.7.2.jar:/Users/mbp069/.m2/repository/org/mapstruct/mapstruct-processor/1.4.2.Final/mapstruct-processor-1.4.2.Final.jar:/Users/mbp069/.m2/repository/io/github/bonigarcia/webdrivermanager/4.2.0/webdrivermanager-4.2.0.jar:/Users/mbp069/.m2/repository/org/apache/httpcomponents/client5/httpclient5/5.0.1/httpclient5-5.0.1.jar:/Users/mbp069/.m2/repository/org/apache/httpcomponents/core5/httpcore5/5.0.1/httpcore5-5.0.1.jar:/Users/mbp069/.m2/repository/org/apache/httpcomponents/core5/httpcore5-h2/5.0.1/httpcore5-h2-5.0.1.jar:/Users/mbp069/.m2/repository/org/rauschig/jarchivelib/1.0.0/jarchivelib-1.0.0.jar:/Users/mbp069/.m2/repository/org/apache/commons/commons-compress/1.18/commons-compress-1.18.jar:"/>
    <property name="java.vm.vendor" value="Oracle Corporation"/>
    <property name="sun.arch.data.model" value="64"/>
    <property name="java.vendor.url" value="https://java.oracle.com/"/>
    <property name="os.name" value="Mac OS X"/>
    <property name="java.vm.specification.version" value="14"/>
    <property name="sun.java.launcher" value="SUN_STANDARD"/>
    <property name="user.country" value="GB"/>
    <property name="sun.boot.library.path" value="/Users/mbp069/.p2/pool/plugins/org.eclipse.justj.openjdk.hotspot.jre.full.macosx.x86_64_14.0.2.v20200815-0932/jre/lib"/>
    <property name="sun.java.command" value="/Users/mbp069/eclipse-workspace/DemoAI/target/surefire/surefirebooter8753238768314217555.jar /Users/mbp069/eclipse-workspace/DemoAI/target/surefire 2022-01-29T11-16-15_516-jvmRun1 surefire3995912016405917877tmp surefire_06469213801472142937tmp"/>
    <property name="http.nonProxyHosts" value="local|*.local|169.254/16|*.169.254/16"/>
    <property name="jdk.debug" value="release"/>
    <property name="surefire.test.class.path" value="/Users/mbp069/eclipse-workspace/DemoAI/target/test-classes:/Users/mbp069/eclipse-workspace/DemoAI/target/classes:/Users/mbp069/.m2/repository/org/hamcrest/hamcrest-core/1.3/hamcrest-core-1.3.jar:/Users/mbp069/.m2/repository/javax/servlet/javax.servlet-api/3.0.1/javax.servlet-api-3.0.1.jar:/Users/mbp069/.m2/repository/com/google/guava/guava/30.1-jre/guava-30.1-jre.jar:/Users/mbp069/.m2/repository/com/google/guava/failureaccess/1.0.1/failureaccess-1.0.1.jar:/Users/mbp069/.m2/repository/com/google/guava/listenablefuture/9999.0-empty-to-avoid-conflict-with-guava/listenablefuture-9999.0-empty-to-avoid-conflict-with-guava.jar:/Users/mbp069/.m2/repository/com/google/code/findbugs/jsr305/3.0.2/jsr305-3.0.2.jar:/Users/mbp069/.m2/repository/org/checkerframework/checker-qual/3.5.0/checker-qual-3.5.0.jar:/Users/mbp069/.m2/repository/com/google/errorprone/error_prone_annotations/2.3.4/error_prone_annotations-2.3.4.jar:/Users/mbp069/.m2/repository/com/google/j2objc/j2objc-annotations/1.3/j2objc-annotations-1.3.jar:/Users/mbp069/.m2/repository/io/appium/java-client/7.3.0/java-client-7.3.0.jar:/Users/mbp069/.m2/repository/org/seleniumhq/selenium/selenium-java/3.141.59/selenium-java-3.141.59.jar:/Users/mbp069/.m2/repository/org/seleniumhq/selenium/selenium-chrome-driver/3.141.59/selenium-chrome-driver-3.141.59.jar:/Users/mbp069/.m2/repository/org/seleniumhq/selenium/selenium-edge-driver/3.141.59/selenium-edge-driver-3.141.59.jar:/Users/mbp069/.m2/repository/org/seleniumhq/selenium/selenium-firefox-driver/3.141.59/selenium-firefox-driver-3.141.59.jar:/Users/mbp069/.m2/repository/org/seleniumhq/selenium/selenium-ie-driver/3.141.59/selenium-ie-driver-3.141.59.jar:/Users/mbp069/.m2/repository/org/seleniumhq/selenium/selenium-opera-driver/3.141.59/selenium-opera-driver-3.141.59.jar:/Users/mbp069/.m2/repository/org/seleniumhq/selenium/selenium-remote-driver/3.141.59/selenium-remote-driver-3.141.59.jar:/Users/mbp069/.m2/repository/org/seleniumhq/selenium/selenium-safari-driver/3.141.59/selenium-safari-driver-3.141.59.jar:/Users/mbp069/.m2/repository/org/apache/commons/commons-exec/1.3/commons-exec-1.3.jar:/Users/mbp069/.m2/repository/com/squareup/okhttp3/okhttp/3.11.0/okhttp-3.11.0.jar:/Users/mbp069/.m2/repository/com/squareup/okio/okio/1.14.0/okio-1.14.0.jar:/Users/mbp069/.m2/repository/org/seleniumhq/selenium/selenium-support/3.141.59/selenium-support-3.141.59.jar:/Users/mbp069/.m2/repository/org/seleniumhq/selenium/selenium-api/3.141.59/selenium-api-3.141.59.jar:/Users/mbp069/.m2/repository/cglib/cglib/3.2.12/cglib-3.2.12.jar:/Users/mbp069/.m2/repository/org/ow2/asm/asm/7.1/asm-7.1.jar:/Users/mbp069/.m2/repository/commons-validator/commons-validator/1.6/commons-validator-1.6.jar:/Users/mbp069/.m2/repository/commons-beanutils/commons-beanutils/1.9.2/commons-beanutils-1.9.2.jar:/Users/mbp069/.m2/repository/commons-digester/commons-digester/1.8.1/commons-digester-1.8.1.jar:/Users/mbp069/.m2/repository/commons-collections/commons-collections/3.2.2/commons-collections-3.2.2.jar:/Users/mbp069/.m2/repository/org/apache/commons/commons-lang3/3.9/commons-lang3-3.9.jar:/Users/mbp069/.m2/repository/org/springframework/spring-context/5.1.8.RELEASE/spring-context-5.1.8.RELEASE.jar:/Users/mbp069/.m2/repository/org/springframework/spring-aop/5.1.8.RELEASE/spring-aop-5.1.8.RELEASE.jar:/Users/mbp069/.m2/repository/org/springframework/spring-beans/5.1.8.RELEASE/spring-beans-5.1.8.RELEASE.jar:/Users/mbp069/.m2/repository/org/springframework/spring-core/5.1.8.RELEASE/spring-core-5.1.8.RELEASE.jar:/Users/mbp069/.m2/repository/org/springframework/spring-jcl/5.1.8.RELEASE/spring-jcl-5.1.8.RELEASE.jar:/Users/mbp069/.m2/repository/org/springframework/spring-expression/5.1.8.RELEASE/spring-expression-5.1.8.RELEASE.jar:/Users/mbp069/.m2/repository/org/aspectj/aspectjweaver/1.9.4/aspectjweaver-1.9.4.jar:/Users/mbp069/.m2/repository/org/slf4j/slf4j-api/1.7.26/slf4j-api-1.7.26.jar:/Users/mbp069/.m2/repository/com/google/code/gson/gson/2.8.6/gson-2.8.6.jar:/Users/mbp069/.m2/repository/org/testng/testng/7.0.0/testng-7.0.0.jar:/Users/mbp069/.m2/repository/com/beust/jcommander/1.72/jcommander-1.72.jar:/Users/mbp069/.m2/repository/mysql/mysql-connector-java/8.0.22/mysql-connector-java-8.0.22.jar:/Users/mbp069/.m2/repository/com/google/protobuf/protobuf-java/3.11.4/protobuf-java-3.11.4.jar:/Users/mbp069/.m2/repository/org/testng/reportng/1.2.2/reportng-1.2.2.jar:/Users/mbp069/.m2/repository/org/freemarker/freemarker/2.3.28/freemarker-2.3.28.jar:/Users/mbp069/.m2/repository/com/google/inject/guice/4.2.0/guice-4.2.0.jar:/Users/mbp069/.m2/repository/javax/inject/javax.inject/1/javax.inject-1.jar:/Users/mbp069/.m2/repository/aopalliance/aopalliance/1.0/aopalliance-1.0.jar:/Users/mbp069/.m2/repository/com/github/seratch/jslack/3.4.2/jslack-3.4.2.jar:/Users/mbp069/.m2/repository/com/github/seratch/jslack-api-model/3.4.2/jslack-api-model-3.4.2.jar:/Users/mbp069/.m2/repository/com/github/seratch/jslack-api-client/3.4.2/jslack-api-client-3.4.2.jar:/Users/mbp069/.m2/repository/com/github/seratch/jslack-app-backend/3.4.2/jslack-app-backend-3.4.2.jar:/Users/mbp069/.m2/repository/org/apache/httpcomponents/httpclient/4.5.13/httpclient-4.5.13.jar:/Users/mbp069/.m2/repository/org/apache/httpcomponents/httpcore/4.4.13/httpcore-4.4.13.jar:/Users/mbp069/.m2/repository/commons-logging/commons-logging/1.2/commons-logging-1.2.jar:/Users/mbp069/.m2/repository/commons-codec/commons-codec/1.11/commons-codec-1.11.jar:/Users/mbp069/.m2/repository/org/apache/httpcomponents/httpmime/4.5.13/httpmime-4.5.13.jar:/Users/mbp069/.m2/repository/com/aventstack/extentreports/5.0.6/extentreports-5.0.6.jar:/Users/mbp069/.m2/repository/io/reactivex/rxjava3/rxjava/3.0.4/rxjava-3.0.4.jar:/Users/mbp069/.m2/repository/org/reactivestreams/reactive-streams/1.0.3/reactive-streams-1.0.3.jar:/Users/mbp069/.m2/repository/org/projectlombok/lombok/1.18.12/lombok-1.18.12.jar:/Users/mbp069/.m2/repository/javax/servlet/servlet-api/2.3/servlet-api-2.3.jar:/Users/mbp069/.m2/repository/commons-io/commons-io/2.6/commons-io-2.6.jar:/Users/mbp069/.m2/repository/de/retest/recheck-web/1.3.0/recheck-web-1.3.0.jar:/Users/mbp069/.m2/repository/de/retest/recheck/1.3.0/recheck-1.3.0.jar:/Users/mbp069/.m2/repository/ch/qos/logback/logback-core/1.2.3/logback-core-1.2.3.jar:/Users/mbp069/.m2/repository/ch/qos/logback/logback-classic/1.2.3/logback-classic-1.2.3.jar:/Users/mbp069/.m2/repository/com/esotericsoftware/kryo/4.0.2/kryo-4.0.2.jar:/Users/mbp069/.m2/repository/com/esotericsoftware/reflectasm/1.11.3/reflectasm-1.11.3.jar:/Users/mbp069/.m2/repository/com/esotericsoftware/minlog/1.3.0/minlog-1.3.0.jar:/Users/mbp069/.m2/repository/org/objenesis/objenesis/2.5.1/objenesis-2.5.1.jar:/Users/mbp069/.m2/repository/de/javakaffee/kryo-serializers/0.43/kryo-serializers-0.43.jar:/Users/mbp069/.m2/repository/net/jpountz/lz4/lz4/1.3.0/lz4-1.3.0.jar:/Users/mbp069/.m2/repository/javax/xml/bind/jaxb-api/2.3.1/jaxb-api-2.3.1.jar:/Users/mbp069/.m2/repository/javax/activation/javax.activation-api/1.2.0/javax.activation-api-1.2.0.jar:/Users/mbp069/.m2/repository/org/keycloak/keycloak-installed-adapter/6.0.1/keycloak-installed-adapter-6.0.1.jar:/Users/mbp069/.m2/repository/org/keycloak/keycloak-core/6.0.1/keycloak-core-6.0.1.jar:/Users/mbp069/.m2/repository/org/keycloak/keycloak-common/6.0.1/keycloak-common-6.0.1.jar:/Users/mbp069/.m2/repository/org/bouncycastle/bcpkix-jdk15on/1.60/bcpkix-jdk15on-1.60.jar:/Users/mbp069/.m2/repository/org/keycloak/keycloak-adapter-spi/6.0.1/keycloak-adapter-spi-6.0.1.jar:/Users/mbp069/.m2/repository/org/keycloak/keycloak-adapter-core/6.0.1/keycloak-adapter-core-6.0.1.jar:/Users/mbp069/.m2/repository/org/bouncycastle/bcprov-jdk15on/1.60/bcprov-jdk15on-1.60.jar:/Users/mbp069/.m2/repository/org/jboss/logging/jboss-logging/3.3.2.Final/jboss-logging-3.3.2.Final.jar:/Users/mbp069/.m2/repository/org/jboss/resteasy/resteasy-client/3.6.3.Final/resteasy-client-3.6.3.Final.jar:/Users/mbp069/.m2/repository/org/jboss/resteasy/resteasy-jaxrs/3.6.3.Final/resteasy-jaxrs-3.6.3.Final.jar:/Users/mbp069/.m2/repository/org/jboss/spec/javax/xml/bind/jboss-jaxb-api_2.3_spec/1.0.1.Final/jboss-jaxb-api_2.3_spec-1.0.1.Final.jar:/Users/mbp069/.m2/repository/javax/validation/validation-api/2.0.1.Final/validation-api-2.0.1.Final.jar:/Users/mbp069/.m2/repository/org/jboss/spec/javax/annotation/jboss-annotations-api_1.3_spec/1.0.1.Final/jboss-annotations-api_1.3_spec-1.0.1.Final.jar:/Users/mbp069/.m2/repository/javax/activation/activation/1.1.1/activation-1.1.1.jar:/Users/mbp069/.m2/repository/net/jcip/jcip-annotations/1.0/jcip-annotations-1.0.jar:/Users/mbp069/.m2/repository/org/jboss/spec/javax/ws/rs/jboss-jaxrs-api_2.1_spec/1.0.2.Final/jboss-jaxrs-api_2.1_spec-1.0.2.Final.jar:/Users/mbp069/.m2/repository/org/eclipse/persistence/org.eclipse.persistence.moxy/2.5.2/org.eclipse.persistence.moxy-2.5.2.jar:/Users/mbp069/.m2/repository/org/eclipse/persistence/org.eclipse.persistence.core/2.5.2/org.eclipse.persistence.core-2.5.2.jar:/Users/mbp069/.m2/repository/org/eclipse/persistence/org.eclipse.persistence.asm/2.5.2/org.eclipse.persistence.asm-2.5.2.jar:/Users/mbp069/.m2/repository/org/eclipse/persistence/org.eclipse.persistence.antlr/2.5.2/org.eclipse.persistence.antlr-2.5.2.jar:/Users/mbp069/.m2/repository/org/apache/commons/commons-text/1.7/commons-text-1.7.jar:/Users/mbp069/.m2/repository/net/bytebuddy/byte-buddy/1.9.15/byte-buddy-1.9.15.jar:/Users/mbp069/.m2/repository/com/assertthat/selenium-shutterbug/0.9.2/selenium-shutterbug-0.9.2.jar:/Users/mbp069/.m2/repository/com/fasterxml/jackson/dataformat/jackson-dataformat-yaml/2.9.9/jackson-dataformat-yaml-2.9.9.jar:/Users/mbp069/.m2/repository/org/yaml/snakeyaml/1.23/snakeyaml-1.23.jar:/Users/mbp069/.m2/repository/com/fasterxml/jackson/core/jackson-core/2.9.9/jackson-core-2.9.9.jar:/Users/mbp069/.m2/repository/com/fasterxml/jackson/core/jackson-databind/2.9.9/jackson-databind-2.9.9.jar:/Users/mbp069/.m2/repository/com/fasterxml/jackson/core/jackson-annotations/2.9.0/jackson-annotations-2.9.0.jar:/Users/mbp069/.m2/repository/log4j/log4j/1.2.17/log4j-1.2.17.jar:/Users/mbp069/.m2/repository/org/apache/logging/log4j/log4j-api/2.14.1/log4j-api-2.14.1.jar:/Users/mbp069/.m2/repository/org/apache/logging/log4j/log4j-core/2.14.1/log4j-core-2.14.1.jar:/Users/mbp069/.m2/repository/com/epam/healenium/healenium-web/3.1.7/healenium-web-3.1.7.jar:/Users/mbp069/.m2/repository/org/apache/maven/plugins/maven-surefire-plugin/3.0.0-M5/maven-surefire-plugin-3.0.0-M5.jar:/Users/mbp069/.m2/repository/org/apache/maven/surefire/maven-surefire-common/3.0.0-M5/maven-surefire-common-3.0.0-M5.jar:/Users/mbp069/.m2/repository/org/apache/maven/surefire/surefire-api/3.0.0-M5/surefire-api-3.0.0-M5.jar:/Users/mbp069/.m2/repository/org/apache/maven/surefire/surefire-logger-api/3.0.0-M5/surefire-logger-api-3.0.0-M5.jar:/Users/mbp069/.m2/repository/org/apache/maven/surefire/surefire-extensions-api/3.0.0-M5/surefire-extensions-api-3.0.0-M5.jar:/Users/mbp069/.m2/repository/org/apache/maven/surefire/surefire-booter/3.0.0-M5/surefire-booter-3.0.0-M5.jar:/Users/mbp069/.m2/repository/org/apache/maven/surefire/surefire-extensions-spi/3.0.0-M5/surefire-extensions-spi-3.0.0-M5.jar:/Users/mbp069/.m2/repository/org/apache/maven/maven-toolchain/3.0-alpha-2/maven-toolchain-3.0-alpha-2.jar:/Users/mbp069/.m2/repository/org/apache/maven/shared/maven-artifact-transfer/0.11.0/maven-artifact-transfer-0.11.0.jar:/Users/mbp069/.m2/repository/org/apache/maven/shared/maven-common-artifact-filters/3.0.1/maven-common-artifact-filters-3.0.1.jar:/Users/mbp069/.m2/repository/org/sonatype/sisu/sisu-inject-plexus/1.4.2/sisu-inject-plexus-1.4.2.jar:/Users/mbp069/.m2/repository/org/sonatype/sisu/sisu-inject-bean/1.4.2/sisu-inject-bean-1.4.2.jar:/Users/mbp069/.m2/repository/org/sonatype/sisu/sisu-guice/2.1.7/sisu-guice-2.1.7-noaop.jar:/Users/mbp069/.m2/repository/org/codehaus/plexus/plexus-java/1.0.5/plexus-java-1.0.5.jar:/Users/mbp069/.m2/repository/com/thoughtworks/qdox/qdox/2.0-M9/qdox-2.0-M9.jar:/Users/mbp069/.m2/repository/org/apache/maven/surefire/surefire-shared-utils/3.0.0-M4/surefire-shared-utils-3.0.0-M4.jar:/Users/mbp069/.m2/repository/org/apache/maven/maven-artifact/2.0.11/maven-artifact-2.0.11.jar:/Users/mbp069/.m2/repository/org/codehaus/plexus/plexus-utils/1.5.6/plexus-utils-1.5.6.jar:/Users/mbp069/.m2/repository/org/apache/maven/maven-compat/3.8.1/maven-compat-3.8.1.jar:/Users/mbp069/.m2/repository/org/apache/maven/maven-model/3.8.1/maven-model-3.8.1.jar:/Users/mbp069/.m2/repository/org/apache/maven/maven-model-builder/3.8.1/maven-model-builder-3.8.1.jar:/Users/mbp069/.m2/repository/org/apache/maven/maven-builder-support/3.8.1/maven-builder-support-3.8.1.jar:/Users/mbp069/.m2/repository/org/eclipse/sisu/org.eclipse.sisu.inject/0.3.4/org.eclipse.sisu.inject-0.3.4.jar:/Users/mbp069/.m2/repository/org/apache/maven/maven-settings/3.8.1/maven-settings-3.8.1.jar:/Users/mbp069/.m2/repository/org/apache/maven/maven-settings-builder/3.8.1/maven-settings-builder-3.8.1.jar:/Users/mbp069/.m2/repository/org/sonatype/plexus/plexus-sec-dispatcher/1.4/plexus-sec-dispatcher-1.4.jar:/Users/mbp069/.m2/repository/org/sonatype/plexus/plexus-cipher/1.4/plexus-cipher-1.4.jar:/Users/mbp069/.m2/repository/org/apache/maven/maven-core/3.8.1/maven-core-3.8.1.jar:/Users/mbp069/.m2/repository/org/apache/maven/resolver/maven-resolver-spi/1.6.2/maven-resolver-spi-1.6.2.jar:/Users/mbp069/.m2/repository/org/apache/maven/shared/maven-shared-utils/3.2.1/maven-shared-utils-3.2.1.jar:/Users/mbp069/.m2/repository/com/google/inject/guice/4.2.1/guice-4.2.1-no_aop.jar:/Users/mbp069/.m2/repository/org/apache/maven/maven-resolver-provider/3.8.1/maven-resolver-provider-3.8.1.jar:/Users/mbp069/.m2/repository/org/apache/maven/maven-repository-metadata/3.8.1/maven-repository-metadata-3.8.1.jar:/Users/mbp069/.m2/repository/org/apache/maven/resolver/maven-resolver-api/1.6.2/maven-resolver-api-1.6.2.jar:/Users/mbp069/.m2/repository/org/apache/maven/resolver/maven-resolver-util/1.6.2/maven-resolver-util-1.6.2.jar:/Users/mbp069/.m2/repository/org/apache/maven/resolver/maven-resolver-impl/1.6.2/maven-resolver-impl-1.6.2.jar:/Users/mbp069/.m2/repository/org/codehaus/plexus/plexus-interpolation/1.25/plexus-interpolation-1.25.jar:/Users/mbp069/.m2/repository/org/eclipse/sisu/org.eclipse.sisu.plexus/0.3.4/org.eclipse.sisu.plexus-0.3.4.jar:/Users/mbp069/.m2/repository/javax/enterprise/cdi-api/1.0/cdi-api-1.0.jar:/Users/mbp069/.m2/repository/javax/annotation/jsr250-api/1.0/jsr250-api-1.0.jar:/Users/mbp069/.m2/repository/org/codehaus/plexus/plexus-component-annotations/2.1.0/plexus-component-annotations-2.1.0.jar:/Users/mbp069/.m2/repository/org/apache/maven/wagon/wagon-provider-api/3.4.3/wagon-provider-api-3.4.3.jar:/Users/mbp069/.m2/repository/org/apache/maven/maven-plugin-api/3.8.1/maven-plugin-api-3.8.1.jar:/Users/mbp069/.m2/repository/org/codehaus/plexus/plexus-classworlds/2.6.0/plexus-classworlds-2.6.0.jar:/Users/mbp069/.m2/repository/com/typesafe/config/1.3.4/config-1.3.4.jar:/Users/mbp069/.m2/repository/com/epam/healenium/tree-comparing/0.4.10/tree-comparing-0.4.10.jar:/Users/mbp069/.m2/repository/org/jsoup/jsoup/1.11.3/jsoup-1.11.3.jar:/Users/mbp069/.m2/repository/org/slf4j/slf4j-simple/1.7.30/slf4j-simple-1.7.30.jar:/Users/mbp069/.m2/repository/org/jetbrains/annotations/18.0.0/annotations-18.0.0.jar:/Users/mbp069/.m2/repository/org/mapstruct/mapstruct/1.4.2.Final/mapstruct-1.4.2.Final.jar:/Users/mbp069/.m2/repository/one/util/streamex/0.7.2/streamex-0.7.2.jar:/Users/mbp069/.m2/repository/org/mapstruct/mapstruct-processor/1.4.2.Final/mapstruct-processor-1.4.2.Final.jar:/Users/mbp069/.m2/repository/io/github/bonigarcia/webdrivermanager/4.2.0/webdrivermanager-4.2.0.jar:/Users/mbp069/.m2/repository/org/apache/httpcomponents/client5/httpclient5/5.0.1/httpclient5-5.0.1.jar:/Users/mbp069/.m2/repository/org/apache/httpcomponents/core5/httpcore5/5.0.1/httpcore5-5.0.1.jar:/Users/mbp069/.m2/repository/org/apache/httpcomponents/core5/httpcore5-h2/5.0.1/httpcore5-h2-5.0.1.jar:/Users/mbp069/.m2/repository/org/rauschig/jarchivelib/1.0.0/jarchivelib-1.0.0.jar:/Users/mbp069/.m2/repository/org/apache/commons/commons-compress/1.18/commons-compress-1.18.jar:"/>
    <property name="sun.cpu.endian" value="little"/>
    <property name="user.home" value="/Users/mbp069"/>
    <property name="user.language" value="en"/>
    <property name="java.specification.vendor" value="Oracle Corporation"/>
    <property name="java.version.date" value="2020-07-14"/>
    <property name="java.home" value="/Users/mbp069/.p2/pool/plugins/org.eclipse.justj.openjdk.hotspot.jre.full.macosx.x86_64_14.0.2.v20200815-0932/jre"/>
    <property name="file.separator" value="/"/>
    <property name="basedir" value="/Users/mbp069/eclipse-workspace/DemoAI"/>
    <property name="java.vm.compressedOopsMode" value="Zero based"/>
    <property name="line.separator" value="&#10;"/>
    <property name="java.specification.name" value="Java Platform API Specification"/>
    <property name="java.vm.specification.vendor" value="Oracle Corporation"/>
    <property name="surefire.real.class.path" value="/Users/mbp069/eclipse-workspace/DemoAI/target/surefire/surefirebooter8753238768314217555.jar"/>
    <property name="sun.management.compiler" value="HotSpot 64-Bit Tiered Compilers"/>
    <property name="ftp.nonProxyHosts" value="local|*.local|169.254/16|*.169.254/16"/>
    <property name="java.runtime.version" value="14.0.2+12-46"/>
    <property name="user.name" value="mbp069"/>
    <property name="path.separator" value=":"/>
    <property name="os.version" value="10.16"/>
    <property name="java.runtime.name" value="OpenJDK Runtime Environment"/>
    <property name="file.encoding" value="UTF-8"/>
    <property name="java.vm.name" value="OpenJDK 64-Bit Server VM"/>
    <property name="localRepository" value="/Users/mbp069/.m2/repository"/>
    <property name="java.vendor.url.bug" value="https://bugreport.java.com/bugreport/"/>
    <property name="java.io.tmpdir" value="/var/folders/8s/t5yw2cs93fb6rrbd1h0c7grm0000gp/T/"/>
    <property name="java.version" value="14.0.2"/>
    <property name="user.dir" value="/Users/mbp069/eclipse-workspace/DemoAI"/>
    <property name="os.arch" value="x86_64"/>
    <property name="java.vm.specification.name" value="Java Virtual Machine Specification"/>
    <property name="java.library.path" value="/Users/mbp069/Library/Java/Extensions:/Library/Java/Extensions:/Network/Library/Java/Extensions:/System/Library/Java/Extensions:/usr/lib/java:."/>
    <property name="java.vm.info" value="mixed mode"/>
    <property name="java.vendor" value="Oracle Corporation"/>
    <property name="java.vm.version" value="14.0.2+12-46"/>
    <property name="sun.io.unicode.encoding" value="UnicodeBig"/>
    <property name="socksNonProxyHosts" value="local|*.local|169.254/16|*.169.254/16"/>
    <property name="java.class.version" value="58.0"/>
  </properties>
  <testcase name="f" classname="AITest.DemoAI.MyMojoTest" time="10.645"/>
</testsuite>