<?xml version="1.0" encoding="UTF-8"?>
<!-- Generated by org.testng.reporters.JUnitReportReporter -->
<testsuite hostname="zealsnoMacBook-Pro.local" failures="0" tests="1" name="AITest.DemoAI.MyMojoTest" time="15.500" errors="0" timestamp="2022-02-08T13:58:04 JST" skipped="0">
  <testcase classname="AITest.DemoAI.MyMojoTest" name="f" time="15.500"/>
</testsuite> <!-- AITest.DemoAI.MyMojoTest -->
