<?xml version="1.0" encoding="UTF-8"?>
<!-- Generated by org.testng.reporters.JUnitReportReporter -->
<testsuite hostname="zealsnoMacBook-Pro.local" failures="0" tests="1" name="AITest.DemoAI.MyMojoTest" time="7.761" errors="0" timestamp="2022-01-17T11:13:25 JST" skipped="0">
  <testcase classname="AITest.DemoAI.MyMojoTest" name="f" time="7.761"/>
</testsuite> <!-- AITest.DemoAI.MyMojoTest -->
