<?xml version="1.0" encoding="UTF-8"?>
<!-- Generated by org.testng.reporters.JUnitReportReporter -->
<testsuite hostname="zealsnoMacBook-Pro.local" failures="0" tests="1" name="AITest.DemoAI.MyMojoTest" time="10.647" errors="0" timestamp="2022-01-29T11:16:26 JST" skipped="0">
  <testcase classname="AITest.DemoAI.MyMojoTest" name="f" time="10.647"/>
</testsuite> <!-- AITest.DemoAI.MyMojoTest -->
